<?xml version="1.0" encoding="UTF-8"?>
<coverage generated="1644574758059" clover="3.2.0">
  <project timestamp="1644574758059" name="All files">
    <metrics statements="4" coveredstatements="4" conditionals="0" coveredconditionals="0" methods="2" coveredmethods="1" elements="6" coveredelements="5" complexity="0" loc="4" ncloc="4" packages="1" files="1" classes="1"/>
    <file name="users.js" path="/Users/michaelshin/dev/airbnbclone/backend/models/users.js">
      <metrics statements="4" coveredstatements="4" conditionals="0" coveredconditionals="0" methods="2" coveredmethods="1"/>
      <line num="2" count="1" type="stmt"/>
      <line num="3" count="1" type="stmt"/>
      <line num="14" count="5" type="stmt"/>
      <line num="69" count="5" type="stmt"/>
    </file>
  </project>
</coverage>
