{"/Users/michaelshin/dev/airbnbclone/backend/models/users.js": {"path":"/Users/michaelshin/dev/airbnbclone/backend/models/users.js","statementMap":{"0":{"start":{"line":2,"column":18},"end":{"line":2,"column":38}},"1":{"start":{"line":3,"column":0},"end":{"line":70,"column":2}},"2":{"start":{"line":14,"column":2},"end":{"line":68,"column":4}},"3":{"start":{"line":69,"column":2},"end":{"line":69,"column":15}}},"fnMap":{"0":{"name":"(anonymous_0)","decl":{"start":{"line":3,"column":17},"end":{"line":3,"column":18}},"loc":{"start":{"line":3,"column":43},"end":{"line":70,"column":1}},"line":3},"1":{"name":"(anonymous_1)","decl":{"start":{"line":10,"column":4},"end":{"line":10,"column":5}},"loc":{"start":{"line":10,"column":29},"end":{"line":12,"column":5}},"line":10}},"branchMap":{},"s":{"0":1,"1":1,"2":5,"3":5},"f":{"0":5,"1":0},"b":{},"_coverageSchema":"1a1c01bbd47fc00a2c39e90264f33305004495a9","hash":"58a95a8e40faab1841dcfbe21a622aea67e6a6d7"}
}
